<?xml version="1.0" encoding="UTF-8"?>
<!-- Generated by org.testng.reporters.JUnitReportReporter -->
<testsuite hostname="DESKTOP-9I7RF0E" failures="0" tests="8" name="com.cybermart.qa.testcases.LoginPageTest" time="32.193" errors="0" timestamp="25 Oct 2023 09:30:39 GMT" skipped="0">
  <testcase classname="com.cybermart.qa.testcases.LoginPageTest" name="validateTitle" time="3.026"/>
  <testcase classname="com.cybermart.qa.testcases.LoginPageTest" name="validateRegisterButton" time="3.327"/>
  <testcase classname="com.cybermart.qa.testcases.LoginPageTest" name="validateFbLogin" time="2.919"/>
  <testcase classname="com.cybermart.qa.testcases.LoginPageTest" name="validateLoginText" time="2.865"/>
  <testcase classname="com.cybermart.qa.testcases.LoginPageTest" name="validateWelcomeImage" time="6.104"/>
  <testcase classname="com.cybermart.qa.testcases.LoginPageTest" name="validateNewMemberText" time="3.141"/>
  <testcase classname="com.cybermart.qa.testcases.LoginPageTest" name="validateGoogleSignIn" time="3.273"/>
  <testcase classname="com.cybermart.qa.testcases.LoginPageTest" name="login" time="7.538"/>
</testsuite> <!-- com.cybermart.qa.testcases.LoginPageTest -->
