<?xml version="1.0" encoding="UTF-8"?>
<!-- Generated by org.testng.reporters.JUnitReportReporter -->
<testsuite hostname="DESKTOP-9I7RF0E" failures="0" tests="1" name="com.cybermart.qa.testcases.ProductCreationTest" time="39.929" errors="0" timestamp="07 Dec 2023 10:14:35 GMT" skipped="0">
  <testcase classname="com.cybermart.qa.testcases.ProductCreationTest" name="createProduct" time="39.929"/>
</testsuite> <!-- com.cybermart.qa.testcases.ProductCreationTest -->
