<?xml version="1.0" encoding="UTF-8"?>
<!-- Generated by org.testng.reporters.JUnitReportReporter -->
<testsuite hostname="DESKTOP-9I7RF0E" failures="0" tests="19" name="com.cybermart.qa.testcases.HomePageTest" time="226.166" errors="0" timestamp="25 Oct 2023 09:30:39 GMT" skipped="0">
  <testcase classname="com.cybermart.qa.testcases.HomePageTest" name="verifyHomePageTitleTest" time="11.880"/>
  <testcase classname="com.cybermart.qa.testcases.HomePageTest" name="verifyDashboardSeller" time="11.827"/>
  <testcase classname="com.cybermart.qa.testcases.HomePageTest" name="verifySellerLogo" time="11.540"/>
  <testcase classname="com.cybermart.qa.testcases.HomePageTest" name="verifyOrdersDataDashboard" time="11.905"/>
  <testcase classname="com.cybermart.qa.testcases.HomePageTest" name="verifyOtherSellerLink" time="11.798"/>
  <testcase classname="com.cybermart.qa.testcases.HomePageTest" name="verifyProfilePicture" time="11.826"/>
  <testcase classname="com.cybermart.qa.testcases.HomePageTest" name="verifyLogoutLink" time="12.130"/>
  <testcase classname="com.cybermart.qa.testcases.HomePageTest" name="verifyProductsLink" time="13.220"/>
  <testcase classname="com.cybermart.qa.testcases.HomePageTest" name="verifyOrdersLink" time="12.018"/>
  <testcase classname="com.cybermart.qa.testcases.HomePageTest" name="verifyPromotionsLink" time="11.539"/>
  <testcase classname="com.cybermart.qa.testcases.HomePageTest" name="verifyAccountSettings" time="11.831"/>
  <testcase classname="com.cybermart.qa.testcases.HomePageTest" name="verifySellerStore" time="11.819"/>
  <testcase classname="com.cybermart.qa.testcases.HomePageTest" name="verifySubSeller" time="11.598"/>
  <testcase classname="com.cybermart.qa.testcases.HomePageTest" name="verifyCreateProduct" time="11.901"/>
  <testcase classname="com.cybermart.qa.testcases.HomePageTest" name="verifyInventoryPage" time="11.994"/>
  <testcase classname="com.cybermart.qa.testcases.HomePageTest" name="verifyBuyerQuestions" time="11.997"/>
  <testcase classname="com.cybermart.qa.testcases.HomePageTest" name="verifyManageOrders" time="11.788"/>
  <testcase classname="com.cybermart.qa.testcases.HomePageTest" name="verifyCouponsLinkSeller" time="11.808"/>
  <testcase classname="com.cybermart.qa.testcases.HomePageTest" name="verifyCampaignPage" time="11.747"/>
</testsuite> <!-- com.cybermart.qa.testcases.HomePageTest -->
