<?xml version="1.0" encoding="UTF-8"?>
<!-- Generated by org.testng.reporters.JUnitReportReporter -->
<testsuite hostname="DESKTOP-9I7RF0E" failures="0" tests="3" name="com.cybermart.qa.testcases.CreateProductTest" time="25.932" errors="0" timestamp="25 Oct 2023 12:55:46 GMT" skipped="0">
  <testcase classname="com.cybermart.qa.testcases.CreateProductTest" name="verifyCategoriesCreateProduct" time="9.057"/>
  <testcase classname="com.cybermart.qa.testcases.CreateProductTest" name="verifySubCategoriesMen" time="8.639"/>
  <testcase classname="com.cybermart.qa.testcases.CreateProductTest" name="verifyChildSubcategoriesTopWearMen" time="8.236"/>
</testsuite> <!-- com.cybermart.qa.testcases.CreateProductTest -->
