<?xml version="1.0" encoding="UTF-8"?>
<!-- Generated by org.testng.reporters.JUnitReportReporter -->
<testsuite hostname="DESKTOP-9I7RF0E" failures="0" tests="19" name="com.cybermart.qa.testcases.HomePageTest" time="222.128" errors="0" timestamp="07 Dec 2023 10:14:35 GMT" skipped="0">
  <testcase classname="com.cybermart.qa.testcases.HomePageTest" name="verifyHomePageTitleTest" time="11.476"/>
  <testcase classname="com.cybermart.qa.testcases.HomePageTest" name="verifyDashboardSeller" time="11.392"/>
  <testcase classname="com.cybermart.qa.testcases.HomePageTest" name="verifySellerLogo" time="11.602"/>
  <testcase classname="com.cybermart.qa.testcases.HomePageTest" name="verifyOrdersDataDashboard" time="11.512"/>
  <testcase classname="com.cybermart.qa.testcases.HomePageTest" name="verifyOtherSellerLink" time="11.299"/>
  <testcase classname="com.cybermart.qa.testcases.HomePageTest" name="verifyProfilePicture" time="11.223"/>
  <testcase classname="com.cybermart.qa.testcases.HomePageTest" name="verifyLogoutLink" time="11.707"/>
  <testcase classname="com.cybermart.qa.testcases.HomePageTest" name="verifyProductsLink" time="12.889"/>
  <testcase classname="com.cybermart.qa.testcases.HomePageTest" name="verifyOrdersLink" time="11.698"/>
  <testcase classname="com.cybermart.qa.testcases.HomePageTest" name="verifyPromotionsLink" time="11.383"/>
  <testcase classname="com.cybermart.qa.testcases.HomePageTest" name="verifyAccountSettings" time="11.359"/>
  <testcase classname="com.cybermart.qa.testcases.HomePageTest" name="verifySellerStore" time="11.557"/>
  <testcase classname="com.cybermart.qa.testcases.HomePageTest" name="verifySubSeller" time="11.450"/>
  <testcase classname="com.cybermart.qa.testcases.HomePageTest" name="verifyCreateProduct" time="11.617"/>
  <testcase classname="com.cybermart.qa.testcases.HomePageTest" name="verifyInventoryPage" time="11.633"/>
  <testcase classname="com.cybermart.qa.testcases.HomePageTest" name="verifyBuyerQuestions" time="11.576"/>
  <testcase classname="com.cybermart.qa.testcases.HomePageTest" name="verifyManageOrders" time="11.416"/>
  <testcase classname="com.cybermart.qa.testcases.HomePageTest" name="verifyCouponsLinkSeller" time="13.534"/>
  <testcase classname="com.cybermart.qa.testcases.HomePageTest" name="verifyCampaignPage" time="11.805"/>
</testsuite> <!-- com.cybermart.qa.testcases.HomePageTest -->
