<?xml version="1.0" encoding="UTF-8"?>
<!-- Generated by org.testng.reporters.JUnitReportReporter -->
<testsuite hostname="DESKTOP-9I7RF0E" failures="0" tests="4" name="com.cybermart.qa.testcases.InventoryPageTest" time="45.595" errors="0" timestamp="07 Dec 2023 10:14:35 GMT" skipped="0">
  <testcase classname="com.cybermart.qa.testcases.InventoryPageTest" name="verifyInventoryTitle" time="9.567"/>
  <testcase classname="com.cybermart.qa.testcases.InventoryPageTest" name="updateQuantity" time="13.241"/>
  <testcase classname="com.cybermart.qa.testcases.InventoryPageTest" name="updatePrice" time="13.658"/>
  <testcase classname="com.cybermart.qa.testcases.InventoryPageTest" name="verifyEditProductButton" time="9.129"/>
</testsuite> <!-- com.cybermart.qa.testcases.InventoryPageTest -->
