<?xml version="1.0" encoding="UTF-8"?>
<!-- Generated by org.testng.reporters.JUnitReportReporter -->
<testsuite hostname="DESKTOP-9I7RF0E" failures="0" tests="3" name="com.cybermart.qa.testcases.CreateProductTest" time="23.576" errors="0" timestamp="07 Dec 2023 10:14:35 GMT" skipped="0">
  <testcase classname="com.cybermart.qa.testcases.CreateProductTest" name="verifyCategoriesCreateProduct" time="8.408"/>
  <testcase classname="com.cybermart.qa.testcases.CreateProductTest" name="verifySubCategoriesMen" time="8.122"/>
  <testcase classname="com.cybermart.qa.testcases.CreateProductTest" name="verifyChildSubcategoriesTopWearMen" time="7.046"/>
</testsuite> <!-- com.cybermart.qa.testcases.CreateProductTest -->
